This is XeTeX, Version 3.141592653-2.6-0.999994 (TeX Live 2022) (preloaded format=xelatex 2023.2.27)  2 MAY 2023 12:41
entering extended mode
 restricted \write18 enabled.
 %&-line parsing enabled.
**_main.tex
(./_main.tex
LaTeX2e <2022-11-01> patch level 1
L3 programming layer <2023-02-22> (/Users/markly/Library/TinyTeX/texmf-dist/tex/latex/base/book.cls
Document Class: book 2022/07/02 v1.4n Standard LaTeX document class
(/Users/markly/Library/TinyTeX/texmf-dist/tex/latex/base/bk10.clo
File: bk10.clo 2022/07/02 v1.4n Standard LaTeX file (size option)
)
\c@part=\count181
\c@chapter=\count182
\c@section=\count183
\c@subsection=\count184
\c@subsubsection=\count185
\c@paragraph=\count186
\c@subparagraph=\count187
\c@figure=\count188
\c@table=\count189
\abovecaptionskip=\skip48
\belowcaptionskip=\skip49
\bibindent=\dimen140
) (/Users/markly/Library/TinyTeX/texmf-dist/tex/latex/amsmath/amsmath.sty
Package: amsmath 2022/04/08 v2.17n AMS math features
\@mathmargin=\skip50
For additional information on amsmath, use the `?' option.
(/Users/markly/Library/TinyTeX/texmf-dist/tex/latex/amsmath/amstext.sty
Package: amstext 2021/08/26 v2.01 AMS text
(/Users/markly/Library/TinyTeX/texmf-dist/tex/latex/amsmath/amsgen.sty
File: amsgen.sty 1999/11/30 v2.0 generic functions
\@emptytoks=\toks16
\ex@=\dimen141
)) (/Users/markly/Library/TinyTeX/texmf-dist/tex/latex/amsmath/amsbsy.sty
Package: amsbsy 1999/11/29 v1.2d Bold Symbols
\pmbraise@=\dimen142
) (/Users/markly/Library/TinyTeX/texmf-dist/tex/latex/amsmath/amsopn.sty
Package: amsopn 2022/04/08 v2.04 operator names
)
\inf@bad=\count190
LaTeX Info: Redefining \frac on input line 234.
\uproot@=\count191
\leftroot@=\count192
LaTeX Info: Redefining \overline on input line 399.
LaTeX Info: Redefining \colon on input line 410.
\classnum@=\count193
\DOTSCASE@=\count194
LaTeX Info: Redefining \ldots on input line 496.
LaTeX Info: Redefining \dots on input line 499.
LaTeX Info: Redefining \cdots on input line 620.
\Mathstrutbox@=\box51
\strutbox@=\box52
LaTeX Info: Redefining \big on input line 722.
LaTeX Info: Redefining \Big on input line 723.
LaTeX Info: Redefining \bigg on input line 724.
LaTeX Info: Redefining \Bigg on input line 725.
\big@size=\dimen143
LaTeX Font Info:    Redeclaring font encoding OML on input line 743.
LaTeX Font Info:    Redeclaring font encoding OMS on input line 744.
\macc@depth=\count195
LaTeX Info: Redefining \bmod on input line 905.
LaTeX Info: Redefining \pmod on input line 910.
LaTeX Info: Redefining \smash on input line 940.
LaTeX Info: Redefining \relbar on input line 970.
LaTeX Info: Redefining \Relbar on input line 971.
\c@MaxMatrixCols=\count196
\dotsspace@=\muskip16
\c@parentequation=\count197
\dspbrk@lvl=\count198
\tag@help=\toks17
\row@=\count199
\column@=\count266
\maxfields@=\count267
\andhelp@=\toks18
\eqnshift@=\dimen144
\alignsep@=\dimen145
\tagshift@=\dimen146
\tagwidth@=\dimen147
\totwidth@=\dimen148
\lineht@=\dimen149
\@envbody=\toks19
\multlinegap=\skip51
\multlinetaggap=\skip52
\mathdisplay@stack=\toks20
LaTeX Info: Redefining \[ on input line 2953.
LaTeX Info: Redefining \] on input line 2954.
) (/Users/markly/Library/TinyTeX/texmf-dist/tex/latex/amsfonts/amssymb.sty
Package: amssymb 2013/01/14 v3.01 AMS font symbols
(/Users/markly/Library/TinyTeX/texmf-dist/tex/latex/amsfonts/amsfonts.sty
Package: amsfonts 2013/01/14 v3.01 Basic AMSFonts support
\symAMSa=\mathgroup4
\symAMSb=\mathgroup5
LaTeX Font Info:    Redeclaring math symbol \hbar on input line 98.
LaTeX Font Info:    Overwriting math alphabet `\mathfrak' in version `bold'
(Font)                  U/euf/m/n --> U/euf/b/n on input line 106.
)) (/Users/markly/Library/TinyTeX/texmf-dist/tex/latex/lm/lmodern.sty
Package: lmodern 2015/05/01 v1.6.1 Latin Modern Fonts
LaTeX Font Info:    Overwriting symbol font `operators' in version `normal'
(Font)                  OT1/cmr/m/n --> OT1/lmr/m/n on input line 22.
LaTeX Font Info:    Overwriting symbol font `letters' in version `normal'
(Font)                  OML/cmm/m/it --> OML/lmm/m/it on input line 23.
LaTeX Font Info:    Overwriting symbol font `symbols' in version `normal'
(Font)                  OMS/cmsy/m/n --> OMS/lmsy/m/n on input line 24.
LaTeX Font Info:    Overwriting symbol font `largesymbols' in version `normal'
(Font)                  OMX/cmex/m/n --> OMX/lmex/m/n on input line 25.
LaTeX Font Info:    Overwriting symbol font `operators' in version `bold'
(Font)                  OT1/cmr/bx/n --> OT1/lmr/bx/n on input line 26.
LaTeX Font Info:    Overwriting symbol font `letters' in version `bold'
(Font)                  OML/cmm/b/it --> OML/lmm/b/it on input line 27.
LaTeX Font Info:    Overwriting symbol font `symbols' in version `bold'
(Font)                  OMS/cmsy/b/n --> OMS/lmsy/b/n on input line 28.
LaTeX Font Info:    Overwriting symbol font `largesymbols' in version `bold'
(Font)                  OMX/cmex/m/n --> OMX/lmex/m/n on input line 29.
LaTeX Font Info:    Overwriting math alphabet `\mathbf' in version `normal'
(Font)                  OT1/cmr/bx/n --> OT1/lmr/bx/n on input line 31.
LaTeX Font Info:    Overwriting math alphabet `\mathsf' in version `normal'
(Font)                  OT1/cmss/m/n --> OT1/lmss/m/n on input line 32.
LaTeX Font Info:    Overwriting math alphabet `\mathit' in version `normal'
(Font)                  OT1/cmr/m/it --> OT1/lmr/m/it on input line 33.
LaTeX Font Info:    Overwriting math alphabet `\mathtt' in version `normal'
(Font)                  OT1/cmtt/m/n --> OT1/lmtt/m/n on input line 34.
LaTeX Font Info:    Overwriting math alphabet `\mathbf' in version `bold'
(Font)                  OT1/cmr/bx/n --> OT1/lmr/bx/n on input line 35.
LaTeX Font Info:    Overwriting math alphabet `\mathsf' in version `bold'
(Font)                  OT1/cmss/bx/n --> OT1/lmss/bx/n on input line 36.
LaTeX Font Info:    Overwriting math alphabet `\mathit' in version `bold'
(Font)                  OT1/cmr/bx/it --> OT1/lmr/bx/it on input line 37.
LaTeX Font Info:    Overwriting math alphabet `\mathtt' in version `bold'
(Font)                  OT1/cmtt/m/n --> OT1/lmtt/m/n on input line 38.
) (/Users/markly/Library/TinyTeX/texmf-dist/tex/generic/iftex/iftex.sty
Package: iftex 2022/02/03 v1.0f TeX engine tests
) (/Users/markly/Library/TinyTeX/texmf-dist/tex/latex/unicode-math/unicode-math.sty (/Users/markly/Library/TinyTeX/texmf-dist/tex/latex/l3kernel/expl3.sty
Package: expl3 2023-02-22 L3 programming layer (loader) 
(/Users/markly/Library/TinyTeX/texmf-dist/tex/latex/l3backend/l3backend-xetex.def
File: l3backend-xetex.def 2023-01-16 L3 backend support: XeTeX
\g__graphics_track_int=\count268
\l__pdf_internal_box=\box53
\g__pdf_backend_object_int=\count269
\g__pdf_backend_annotation_int=\count270
\g__pdf_backend_link_int=\count271
))
Package: unicode-math 2020/01/31 v0.8q Unicode maths in XeLaTeX and LuaLaTeX
(/Users/markly/Library/TinyTeX/texmf-dist/tex/latex/unicode-math/unicode-math-xetex.sty
Package: unicode-math-xetex 2020/01/31 v0.8q Unicode maths in XeLaTeX and LuaLaTeX
(/Users/markly/Library/TinyTeX/texmf-dist/tex/latex/l3packages/xparse/xparse.sty
Package: xparse 2023-02-02 L3 Experimental document command parser
) (/Users/markly/Library/TinyTeX/texmf-dist/tex/latex/l3packages/l3keys2e/l3keys2e.sty
Package: l3keys2e 2023-02-02 LaTeX2e option processing using LaTeX3 keys
) (/Users/markly/Library/TinyTeX/texmf-dist/tex/latex/fontspec/fontspec.sty
Package: fontspec 2022/01/15 v2.8a Font selection for XeLaTeX and LuaLaTeX
(/Users/markly/Library/TinyTeX/texmf-dist/tex/latex/fontspec/fontspec-xetex.sty
Package: fontspec-xetex 2022/01/15 v2.8a Font selection for XeLaTeX and LuaLaTeX
\l__fontspec_script_int=\count272
\l__fontspec_language_int=\count273
\l__fontspec_strnum_int=\count274
\l__fontspec_tmp_int=\count275
\l__fontspec_tmpa_int=\count276
\l__fontspec_tmpb_int=\count277
\l__fontspec_tmpc_int=\count278
\l__fontspec_em_int=\count279
\l__fontspec_emdef_int=\count280
\l__fontspec_strong_int=\count281
\l__fontspec_strongdef_int=\count282
\l__fontspec_tmpa_dim=\dimen150
\l__fontspec_tmpb_dim=\dimen151
\l__fontspec_tmpc_dim=\dimen152
(/Users/markly/Library/TinyTeX/texmf-dist/tex/latex/base/fontenc.sty
Package: fontenc 2021/04/29 v2.0v Standard LaTeX package
) (/Users/markly/Library/TinyTeX/texmf-dist/tex/latex/fontspec/fontspec.cfg))) (/Users/markly/Library/TinyTeX/texmf-dist/tex/latex/base/fix-cm.sty
Package: fix-cm 2020/11/24 v1.1t fixes to LaTeX
(/Users/markly/Library/TinyTeX/texmf-dist/tex/latex/base/ts1enc.def
File: ts1enc.def 2001/06/05 v3.0e (jk/car/fm) Standard LaTeX file
LaTeX Font Info:    Redeclaring font encoding TS1 on input line 47.
))
\g__um_fam_int=\count283
\g__um_fonts_used_int=\count284
\l__um_primecount_int=\count285
\g__um_primekern_muskip=\muskip17
(/Users/markly/Library/TinyTeX/texmf-dist/tex/latex/unicode-math/unicode-math-table.tex))) (/Users/markly/Library/TinyTeX/texmf-dist/tex/latex/xcolor/xcolor.sty
Package: xcolor 2022/06/12 v2.14 LaTeX color extensions (UK)
(/Users/markly/Library/TinyTeX/texmf-dist/tex/latex/graphics-cfg/color.cfg
File: color.cfg 2016/01/02 v1.6 sample color configuration
)
Package xcolor Info: Driver file: xetex.def on input line 227.
(/Users/markly/Library/TinyTeX/texmf-dist/tex/latex/graphics-def/xetex.def
File: xetex.def 2022/09/22 v5.0n Graphics/color driver for xetex
) (/Users/markly/Library/TinyTeX/texmf-dist/tex/latex/graphics/mathcolor.ltx)
Package xcolor Info: Model `cmy' substituted by `cmy0' on input line 1353.
Package xcolor Info: Model `RGB' extended on input line 1369.
Package xcolor Info: Model `HTML' substituted by `rgb' on input line 1371.
Package xcolor Info: Model `Hsb' substituted by `hsb' on input line 1372.
Package xcolor Info: Model `tHsb' substituted by `hsb' on input line 1373.
Package xcolor Info: Model `HSB' substituted by `hsb' on input line 1374.
Package xcolor Info: Model `Gray' substituted by `gray' on input line 1375.
Package xcolor Info: Model `wave' substituted by `hsb' on input line 1376.
) (/Users/markly/Library/TinyTeX/texmf-dist/tex/latex/fancyvrb/fancyvrb.sty
Package: fancyvrb 2023/01/19 4.5a verbatim text (tvz,hv)
(/Users/markly/Library/TinyTeX/texmf-dist/tex/latex/graphics/keyval.sty
Package: keyval 2022/05/29 v1.15 key=value parser (DPC)
\KV@toks@=\toks21
)
\FV@CodeLineNo=\count286
\FV@InFile=\read2
\FV@TabBox=\box54
\c@FancyVerbLine=\count287
\FV@StepNumber=\count288
\FV@OutFile=\write3
) (/Users/markly/Library/TinyTeX/texmf-dist/tex/latex/framed/framed.sty
Package: framed 2011/10/22 v 0.96: framed or shaded text with page breaks
\OuterFrameSep=\skip53
\fb@frw=\dimen153
\fb@frh=\dimen154
\FrameRule=\dimen155
\FrameSep=\dimen156
) (/Users/markly/Library/TinyTeX/texmf-dist/tex/latex/tools/longtable.sty
Package: longtable 2021-09-01 v4.17 Multi-page Table package (DPC)
\LTleft=\skip54
\LTright=\skip55
\LTpre=\skip56
\LTpost=\skip57
\LTchunksize=\count289
\LTcapwidth=\dimen157
\LT@head=\box55
\LT@firsthead=\box56
\LT@foot=\box57
\LT@lastfoot=\box58
\LT@gbox=\box59
\LT@cols=\count290
\LT@rows=\count291
\c@LT@tables=\count292
\c@LT@chunks=\count293
\LT@p@ftn=\toks22
) (/Users/markly/Library/TinyTeX/texmf-dist/tex/latex/booktabs/booktabs.sty
Package: booktabs 2020/01/12 v1.61803398 Publication quality tables
\heavyrulewidth=\dimen158
\lightrulewidth=\dimen159
\cmidrulewidth=\dimen160
\belowrulesep=\dimen161
\belowbottomsep=\dimen162
\aboverulesep=\dimen163
\abovetopsep=\dimen164
\cmidrulesep=\dimen165
\cmidrulekern=\dimen166
\defaultaddspace=\dimen167
\@cmidla=\count294
\@cmidlb=\count295
\@aboverulesep=\dimen168
\@belowrulesep=\dimen169
\@thisruleclass=\count296
\@lastruleclass=\count297
\@thisrulewidth=\dimen170
) (/Users/markly/Library/TinyTeX/texmf-dist/tex/latex/tools/array.sty
Package: array 2022/09/04 v2.5g Tabular extension package (FMi)
\col@sep=\dimen171
\ar@mcellbox=\box60
\extrarowheight=\dimen172
\NC@list=\toks23
\extratabsurround=\skip58
\backup@length=\skip59
\ar@cellbox=\box61
) (/Users/markly/Library/TinyTeX/texmf-dist/tex/latex/tools/calc.sty
Package: calc 2017/05/25 v4.3 Infix arithmetic (KKT,FJ)
\calc@Acount=\count298
\calc@Bcount=\count299
\calc@Adimen=\dimen173
\calc@Bdimen=\dimen174
\calc@Askip=\skip60
\calc@Bskip=\skip61
LaTeX Info: Redefining \setlength on input line 80.
LaTeX Info: Redefining \addtolength on input line 81.
\calc@Ccount=\count300
\calc@Cskip=\skip62
) (/Users/markly/Library/TinyTeX/texmf-dist/tex/latex/etoolbox/etoolbox.sty
Package: etoolbox 2020/10/05 v2.5k e-TeX tools for LaTeX (JAW)
\etb@tempcnta=\count301
) (/Users/markly/Library/TinyTeX/texmf-dist/tex/latex/mdwtools/footnote.sty
Package: footnote 1997/01/28 1.13 Save footnotes around boxes
\fn@notes=\box62
\fn@width=\dimen175
) (/Users/markly/Library/TinyTeX/texmf-dist/tex/latex/graphics/graphicx.sty
Package: graphicx 2021/09/16 v1.2d Enhanced LaTeX Graphics (DPC,SPQR)
(/Users/markly/Library/TinyTeX/texmf-dist/tex/latex/graphics/graphics.sty
Package: graphics 2022/03/10 v1.4e Standard LaTeX Graphics (DPC,SPQR)
(/Users/markly/Library/TinyTeX/texmf-dist/tex/latex/graphics/trig.sty
Package: trig 2021/08/11 v1.11 sin cos tan (DPC)
) (/Users/markly/Library/TinyTeX/texmf-dist/tex/latex/graphics-cfg/graphics.cfg
File: graphics.cfg 2016/06/04 v1.11 sample graphics configuration
)
Package graphics Info: Driver file: xetex.def on input line 107.
)
\Gin@req@height=\dimen176
\Gin@req@width=\dimen177
) (/Users/markly/Library/TinyTeX/texmf-dist/tex/latex/natbib/natbib.sty
Package: natbib 2010/09/13 8.31b (PWD, AO)
\bibhang=\skip63
\bibsep=\skip64
LaTeX Info: Redefining \cite on input line 694.
\c@NAT@ctr=\count302
) (/Users/markly/Library/TinyTeX/texmf-dist/tex/latex/hyperref/hyperref.sty
Package: hyperref 2023-02-07 v7.00v Hypertext links for LaTeX
(/Users/markly/Library/TinyTeX/texmf-dist/tex/generic/ltxcmds/ltxcmds.sty
Package: ltxcmds 2020-05-10 v1.25 LaTeX kernel commands for general use (HO)
) (/Users/markly/Library/TinyTeX/texmf-dist/tex/generic/pdftexcmds/pdftexcmds.sty
Package: pdftexcmds 2020-06-27 v0.33 Utility functions of pdfTeX for LuaTeX (HO)
(/Users/markly/Library/TinyTeX/texmf-dist/tex/generic/infwarerr/infwarerr.sty
Package: infwarerr 2019/12/03 v1.5 Providing info/warning/error messages (HO)
)
Package pdftexcmds Info: \pdf@primitive is available.
Package pdftexcmds Info: \pdf@ifprimitive is available.
Package pdftexcmds Info: \pdfdraftmode not found.
) (/Users/markly/Library/TinyTeX/texmf-dist/tex/latex/kvsetkeys/kvsetkeys.sty
Package: kvsetkeys 2022-10-05 v1.19 Key value parser (HO)
) (/Users/markly/Library/TinyTeX/texmf-dist/tex/generic/kvdefinekeys/kvdefinekeys.sty
Package: kvdefinekeys 2019-12-19 v1.6 Define keys (HO)
) (/Users/markly/Library/TinyTeX/texmf-dist/tex/generic/pdfescape/pdfescape.sty
Package: pdfescape 2019/12/09 v1.15 Implements pdfTeX's escape features (HO)
) (/Users/markly/Library/TinyTeX/texmf-dist/tex/latex/hycolor/hycolor.sty
Package: hycolor 2020-01-27 v1.10 Color options for hyperref/bookmark (HO)
) (/Users/markly/Library/TinyTeX/texmf-dist/tex/latex/letltxmacro/letltxmacro.sty
Package: letltxmacro 2019/12/03 v1.6 Let assignment for LaTeX macros (HO)
) (/Users/markly/Library/TinyTeX/texmf-dist/tex/latex/auxhook/auxhook.sty
Package: auxhook 2019-12-17 v1.6 Hooks for auxiliary files (HO)
) (/Users/markly/Library/TinyTeX/texmf-dist/tex/latex/hyperref/nameref.sty
Package: nameref 2022-05-17 v2.50 Cross-referencing by name of section
(/Users/markly/Library/TinyTeX/texmf-dist/tex/latex/refcount/refcount.sty
Package: refcount 2019/12/15 v3.6 Data extraction from label references (HO)
) (/Users/markly/Library/TinyTeX/texmf-dist/tex/generic/gettitlestring/gettitlestring.sty
Package: gettitlestring 2019/12/15 v1.6 Cleanup title references (HO)
(/Users/markly/Library/TinyTeX/texmf-dist/tex/latex/kvoptions/kvoptions.sty
Package: kvoptions 2022-06-15 v3.15 Key value format for package options (HO)
))
\c@section@level=\count303
)
\@linkdim=\dimen178
\Hy@linkcounter=\count304
\Hy@pagecounter=\count305
(/Users/markly/Library/TinyTeX/texmf-dist/tex/latex/hyperref/pd1enc.def
File: pd1enc.def 2023-02-07 v7.00v Hyperref: PDFDocEncoding definition (HO)
) (/Users/markly/Library/TinyTeX/texmf-dist/tex/generic/intcalc/intcalc.sty
Package: intcalc 2019/12/15 v1.3 Expandable calculations with integers (HO)
) (/Users/markly/Library/TinyTeX/texmf-dist/tex/generic/etexcmds/etexcmds.sty
Package: etexcmds 2019/12/15 v1.7 Avoid name clashes with e-TeX commands (HO)
)
\Hy@SavedSpaceFactor=\count306
(/Users/markly/Library/TinyTeX/texmf-dist/tex/latex/hyperref/puenc.def
File: puenc.def 2023-02-07 v7.00v Hyperref: PDF Unicode definition (HO)
)
Package hyperref Info: Option `unicode' set `true' on input line 4060.
Package hyperref Info: Hyper figures OFF on input line 4177.
Package hyperref Info: Link nesting OFF on input line 4182.
Package hyperref Info: Hyper index ON on input line 4185.
Package hyperref Info: Plain pages OFF on input line 4192.
Package hyperref Info: Backreferencing OFF on input line 4197.
Package hyperref Info: Implicit mode ON; LaTeX internals redefined.
Package hyperref Info: Bookmarks ON on input line 4425.
\c@Hy@tempcnt=\count307
(/Users/markly/Library/TinyTeX/texmf-dist/tex/latex/url/url.sty
\Urlmuskip=\muskip18
Package: url 2013/09/16  ver 3.4  Verb mode for urls, etc.
)
LaTeX Info: Redefining \url on input line 4763.
\XeTeXLinkMargin=\dimen179
(/Users/markly/Library/TinyTeX/texmf-dist/tex/generic/bitset/bitset.sty
Package: bitset 2019/12/09 v1.3 Handle bit-vector datatype (HO)
(/Users/markly/Library/TinyTeX/texmf-dist/tex/generic/bigintcalc/bigintcalc.sty
Package: bigintcalc 2019/12/15 v1.5 Expandable calculations on big integers (HO)
))
\Fld@menulength=\count308
\Field@Width=\dimen180
\Fld@charsize=\dimen181
Package hyperref Info: Hyper figures OFF on input line 6042.
Package hyperref Info: Link nesting OFF on input line 6047.
Package hyperref Info: Hyper index ON on input line 6050.
Package hyperref Info: backreferencing OFF on input line 6057.
Package hyperref Info: Link coloring OFF on input line 6062.
Package hyperref Info: Link coloring with OCG OFF on input line 6067.
Package hyperref Info: PDF/A mode OFF on input line 6072.
(/Users/markly/Library/TinyTeX/texmf-dist/tex/latex/base/atbegshi-ltx.sty
Package: atbegshi-ltx 2021/01/10 v1.0c Emulation of the original atbegshi
package with kernel methods
)
\Hy@abspage=\count309
\c@Item=\count310
\c@Hfootnote=\count311
)
Package hyperref Info: Driver (autodetected): hxetex.
(/Users/markly/Library/TinyTeX/texmf-dist/tex/latex/hyperref/hxetex.def
File: hxetex.def 2023-02-07 v7.00v Hyperref driver for XeTeX
(/Users/markly/Library/TinyTeX/texmf-dist/tex/generic/stringenc/stringenc.sty
Package: stringenc 2019/11/29 v1.12 Convert strings between diff. encodings (HO)
)
\pdfm@box=\box63
\c@Hy@AnnotLevel=\count312
\HyField@AnnotCount=\count313
\Fld@listcount=\count314
\c@bookmark@seq@number=\count315
(/Users/markly/Library/TinyTeX/texmf-dist/tex/latex/rerunfilecheck/rerunfilecheck.sty
Package: rerunfilecheck 2022-07-10 v1.10 Rerun checks for auxiliary files (HO)
(/Users/markly/Library/TinyTeX/texmf-dist/tex/latex/base/atveryend-ltx.sty
Package: atveryend-ltx 2020/08/19 v1.0a Emulation of the original atveryend package
with kernel methods
) (/Users/markly/Library/TinyTeX/texmf-dist/tex/generic/uniquecounter/uniquecounter.sty
Package: uniquecounter 2019/12/15 v1.4 Provide unlimited unique counter (HO)
)
Package uniquecounter Info: New unique counter `rerunfilecheck' on input line 285.
)
\Hy@SectionHShift=\skip65
) (./_main.aux)
\openout1 = `_main.aux'.

LaTeX Font Info:    Checking defaults for OML/cmm/m/it on input line 123.
LaTeX Font Info:    ... okay on input line 123.
LaTeX Font Info:    Checking defaults for OMS/cmsy/m/n on input line 123.
LaTeX Font Info:    ... okay on input line 123.
LaTeX Font Info:    Checking defaults for OT1/cmr/m/n on input line 123.
LaTeX Font Info:    ... okay on input line 123.
LaTeX Font Info:    Checking defaults for T1/cmr/m/n on input line 123.
LaTeX Font Info:    ... okay on input line 123.
LaTeX Font Info:    Checking defaults for TS1/cmr/m/n on input line 123.
LaTeX Font Info:    ... okay on input line 123.
LaTeX Font Info:    Checking defaults for TU/lmr/m/n on input line 123.
LaTeX Font Info:    ... okay on input line 123.
LaTeX Font Info:    Checking defaults for OMX/cmex/m/n on input line 123.
LaTeX Font Info:    ... okay on input line 123.
LaTeX Font Info:    Checking defaults for U/cmr/m/n on input line 123.
LaTeX Font Info:    ... okay on input line 123.
LaTeX Font Info:    Checking defaults for PD1/pdf/m/n on input line 123.
LaTeX Font Info:    ... okay on input line 123.
LaTeX Font Info:    Checking defaults for PU/pdf/m/n on input line 123.
LaTeX Font Info:    ... okay on input line 123.
LaTeX Font Info:    Overwriting math alphabet `\mathrm' in version `normal'
(Font)                  OT1/lmr/m/n --> TU/lmr/m/n on input line 123.
LaTeX Font Info:    Overwriting math alphabet `\mathit' in version `normal'
(Font)                  OT1/lmr/m/it --> TU/lmr/m/it on input line 123.
LaTeX Font Info:    Overwriting math alphabet `\mathbf' in version `normal'
(Font)                  OT1/lmr/bx/n --> TU/lmr/bx/n on input line 123.
LaTeX Font Info:    Overwriting math alphabet `\mathsf' in version `normal'
(Font)                  OT1/lmss/m/n --> TU/lmss/m/n on input line 123.
LaTeX Font Info:    Overwriting math alphabet `\mathsf' in version `bold'
(Font)                  OT1/lmss/bx/n --> TU/lmss/bx/n on input line 123.
LaTeX Font Info:    Overwriting math alphabet `\mathtt' in version `normal'
(Font)                  OT1/lmtt/m/n --> TU/lmtt/m/n on input line 123.
LaTeX Font Info:    Overwriting math alphabet `\mathtt' in version `bold'
(Font)                  OT1/lmtt/m/n --> TU/lmtt/bx/n on input line 123.

Package fontspec Info: latinmodern-math scale = 0.9999964596882403.


Package fontspec Info: latinmodern-math scale = 0.9999964596882403.


Package fontspec Info: latinmodern-math scale = 0.9999964596882403.


Package fontspec Info: Font family 'latinmodern-math.otf(0)' created for font
(fontspec)             'latinmodern-math.otf' with options
(fontspec)             [Scale=MatchLowercase,BoldItalicFont={},ItalicFont={},SmallCapsFont={},Script=Math,BoldFont={latinmodern-math.otf}].
(fontspec)              
(fontspec)              This font family consists of the following NFSS
(fontspec)             series/shapes:
(fontspec)              
(fontspec)             - 'normal' (m/n) with NFSS spec.:
(fontspec)             <->s*[0.9999964596882403]"[latinmodern-math.otf]/OT:script=math;language=dflt;"
(fontspec)             - 'small caps'  (m/sc) with NFSS spec.: 
(fontspec)             - 'bold' (b/n) with NFSS spec.:
(fontspec)             <->s*[0.9999964596882403]"[latinmodern-math.otf]/OT:script=math;language=dflt;"
(fontspec)             - 'bold small caps'  (b/sc) with NFSS spec.: 

LaTeX Font Info:    Font shape `TU/latinmodern-math.otf(0)/m/n' will be
(Font)              scaled to size 10.0pt on input line 123.

Package fontspec Info: latinmodern-math scale = 0.9999964596882403.


Package fontspec Info: latinmodern-math scale = 0.9999964596882403.


Package fontspec Info: latinmodern-math scale = 0.9999964596882403.


Package fontspec Info: latinmodern-math scale = 0.9999964596882403.


Package fontspec Info: latinmodern-math scale = 0.9999964596882403.


Package fontspec Info: Font family 'latinmodern-math.otf(1)' created for font
(fontspec)             'latinmodern-math.otf' with options
(fontspec)             [Scale=MatchLowercase,BoldItalicFont={},ItalicFont={},SmallCapsFont={},Script=Math,SizeFeatures={{Size=8.5-},{Size=6-8.5,Font=latinmodern-math.otf,Style=MathScript},{Size=-6,Font=latinmodern-math.otf,Style=MathScriptScript}},BoldFont={latinmodern-math.otf}].
(fontspec)              
(fontspec)              This font family consists of the following NFSS
(fontspec)             series/shapes:
(fontspec)              
(fontspec)             - 'normal' (m/n) with NFSS spec.:
(fontspec)             <8.5->s*[0.9999964596882403]"[latinmodern-math.otf]/OT:script=math;language=dflt;"<6-8.5>s*[0.9999964596882403]"[latinmodern-math.otf]/OT:script=math;language=dflt;+ssty=0;"<-6>s*[0.9999964596882403]"[latinmodern-math.otf]/OT:script=math;language=dflt;+ssty=1;"
(fontspec)             - 'small caps'  (m/sc) with NFSS spec.: 
(fontspec)             - 'bold' (b/n) with NFSS spec.:
(fontspec)             <->s*[0.9999964596882403]"[latinmodern-math.otf]/OT:script=math;language=dflt;"
(fontspec)             - 'bold small caps'  (b/sc) with NFSS spec.: 

LaTeX Font Info:    Font shape `TU/latinmodern-math.otf(1)/m/n' will be
(Font)              scaled to size 10.0pt on input line 123.
LaTeX Font Info:    Encoding `OT1' has changed to `TU' for symbol font
(Font)              `operators' in the math version `normal' on input line 123.
LaTeX Font Info:    Overwriting symbol font `operators' in version `normal'
(Font)                  OT1/lmr/m/n --> TU/latinmodern-math.otf(1)/m/n on input line 123.
LaTeX Font Info:    Encoding `OT1' has changed to `TU' for symbol font
(Font)              `operators' in the math version `bold' on input line 123.
LaTeX Font Info:    Overwriting symbol font `operators' in version `bold'
(Font)                  OT1/lmr/bx/n --> TU/latinmodern-math.otf(1)/b/n on input line 123.

Package fontspec Info: latinmodern-math scale = 0.9999964596882403.


Package fontspec Info: latinmodern-math scale = 1.000096459334209.


Package fontspec Info: latinmodern-math scale = 0.9999964596882403.


Package fontspec Info: latinmodern-math scale = 1.000096459334209.


Package fontspec Info: latinmodern-math scale = 0.9999964596882403.


Package fontspec Info: latinmodern-math scale = 1.000096459334209.


Package fontspec Info: latinmodern-math scale = 0.9999964596882403.


Package fontspec Info: latinmodern-math scale = 1.000096459334209.


Package fontspec Info: latinmodern-math scale = 0.9999964596882403.


Package fontspec Info: latinmodern-math scale = 1.000096459334209.


Package fontspec Info: Font family 'latinmodern-math.otf(2)' created for font
(fontspec)             'latinmodern-math.otf' with options
(fontspec)             [Scale=MatchLowercase,BoldItalicFont={},ItalicFont={},SmallCapsFont={},Script=Math,SizeFeatures={{Size=8.5-},{Size=6-8.5,Font=latinmodern-math.otf,Style=MathScript},{Size=-6,Font=latinmodern-math.otf,Style=MathScriptScript}},BoldFont={latinmodern-math.otf},ScaleAgain=1.0001,FontAdjustment={\fontdimen
(fontspec)             8\font =6.77pt\relax \fontdimen 9\font =3.94pt\relax
(fontspec)             \fontdimen 10\font =4.44pt\relax \fontdimen 11\font
(fontspec)             =6.86pt\relax \fontdimen 12\font =3.45pt\relax
(fontspec)             \fontdimen 13\font =3.63pt\relax \fontdimen 14\font
(fontspec)             =3.63pt\relax \fontdimen 15\font =2.89pt\relax
(fontspec)             \fontdimen 16\font =2.47pt\relax \fontdimen 17\font
(fontspec)             =2.47pt\relax \fontdimen 18\font =2.5pt\relax
(fontspec)             \fontdimen 19\font =2.0pt\relax \fontdimen 22\font
(fontspec)             =2.5pt\relax \fontdimen 20\font =0pt\relax \fontdimen
(fontspec)             21\font =0pt\relax }].
(fontspec)              
(fontspec)              This font family consists of the following NFSS
(fontspec)             series/shapes:
(fontspec)              
(fontspec)             - 'normal' (m/n) with NFSS spec.:
(fontspec)             <8.5->s*[1.000096459334209]"[latinmodern-math.otf]/OT:script=math;language=dflt;"<6-8.5>s*[1.000096459334209]"[latinmodern-math.otf]/OT:script=math;language=dflt;+ssty=0;"<-6>s*[1.000096459334209]"[latinmodern-math.otf]/OT:script=math;language=dflt;+ssty=1;"
(fontspec)             - 'small caps'  (m/sc) with NFSS spec.: 
(fontspec)             and font adjustment code:
(fontspec)             \fontdimen 8\font =6.77pt\relax \fontdimen 9\font
(fontspec)             =3.94pt\relax \fontdimen 10\font =4.44pt\relax
(fontspec)             \fontdimen 11\font =6.86pt\relax \fontdimen 12\font
(fontspec)             =3.45pt\relax \fontdimen 13\font =3.63pt\relax
(fontspec)             \fontdimen 14\font =3.63pt\relax \fontdimen 15\font
(fontspec)             =2.89pt\relax \fontdimen 16\font =2.47pt\relax
(fontspec)             \fontdimen 17\font =2.47pt\relax \fontdimen 18\font
(fontspec)             =2.5pt\relax \fontdimen 19\font =2.0pt\relax \fontdimen
(fontspec)             22\font =2.5pt\relax \fontdimen 20\font =0pt\relax
(fontspec)             \fontdimen 21\font =0pt\relax 
(fontspec)             - 'bold' (b/n) with NFSS spec.:
(fontspec)             <->s*[1.000096459334209]"[latinmodern-math.otf]/OT:script=math;language=dflt;"
(fontspec)             - 'bold small caps'  (b/sc) with NFSS spec.: 
(fontspec)             and font adjustment code:
(fontspec)             \fontdimen 8\font =6.77pt\relax \fontdimen 9\font
(fontspec)             =3.94pt\relax \fontdimen 10\font =4.44pt\relax
(fontspec)             \fontdimen 11\font =6.86pt\relax \fontdimen 12\font
(fontspec)             =3.45pt\relax \fontdimen 13\font =3.63pt\relax
(fontspec)             \fontdimen 14\font =3.63pt\relax \fontdimen 15\font
(fontspec)             =2.89pt\relax \fontdimen 16\font =2.47pt\relax
(fontspec)             \fontdimen 17\font =2.47pt\relax \fontdimen 18\font
(fontspec)             =2.5pt\relax \fontdimen 19\font =2.0pt\relax \fontdimen
(fontspec)             22\font =2.5pt\relax \fontdimen 20\font =0pt\relax
(fontspec)             \fontdimen 21\font =0pt\relax 

LaTeX Font Info:    Encoding `OMS' has changed to `TU' for symbol font
(Font)              `symbols' in the math version `normal' on input line 123.
LaTeX Font Info:    Overwriting symbol font `symbols' in version `normal'
(Font)                  OMS/lmsy/m/n --> TU/latinmodern-math.otf(2)/m/n on input line 123.
LaTeX Font Info:    Encoding `OMS' has changed to `TU' for symbol font
(Font)              `symbols' in the math version `bold' on input line 123.
LaTeX Font Info:    Overwriting symbol font `symbols' in version `bold'
(Font)                  OMS/lmsy/b/n --> TU/latinmodern-math.otf(2)/b/n on input line 123.

Package fontspec Info: latinmodern-math scale = 0.9999964596882403.


Package fontspec Info: latinmodern-math scale = 0.9998964600422715.


Package fontspec Info: latinmodern-math scale = 0.9999964596882403.


Package fontspec Info: latinmodern-math scale = 0.9998964600422715.


Package fontspec Info: latinmodern-math scale = 0.9999964596882403.


Package fontspec Info: latinmodern-math scale = 0.9998964600422715.


Package fontspec Info: latinmodern-math scale = 0.9999964596882403.


Package fontspec Info: latinmodern-math scale = 0.9998964600422715.


Package fontspec Info: latinmodern-math scale = 0.9999964596882403.


Package fontspec Info: latinmodern-math scale = 0.9998964600422715.


Package fontspec Info: Font family 'latinmodern-math.otf(3)' created for font
(fontspec)             'latinmodern-math.otf' with options
(fontspec)             [Scale=MatchLowercase,BoldItalicFont={},ItalicFont={},SmallCapsFont={},Script=Math,SizeFeatures={{Size=8.5-},{Size=6-8.5,Font=latinmodern-math.otf,Style=MathScript},{Size=-6,Font=latinmodern-math.otf,Style=MathScriptScript}},BoldFont={latinmodern-math.otf},ScaleAgain=0.9999,FontAdjustment={\fontdimen
(fontspec)             8\font =0.4pt\relax \fontdimen 9\font =2.0pt\relax
(fontspec)             \fontdimen 10\font =1.67pt\relax \fontdimen 11\font
(fontspec)             =1.11pt\relax \fontdimen 12\font =6.0pt\relax
(fontspec)             \fontdimen 13\font =0pt\relax }].
(fontspec)              
(fontspec)              This font family consists of the following NFSS
(fontspec)             series/shapes:
(fontspec)              
(fontspec)             - 'normal' (m/n) with NFSS spec.:
(fontspec)             <8.5->s*[0.9998964600422715]"[latinmodern-math.otf]/OT:script=math;language=dflt;"<6-8.5>s*[0.9998964600422715]"[latinmodern-math.otf]/OT:script=math;language=dflt;+ssty=0;"<-6>s*[0.9998964600422715]"[latinmodern-math.otf]/OT:script=math;language=dflt;+ssty=1;"
(fontspec)             - 'small caps'  (m/sc) with NFSS spec.: 
(fontspec)             and font adjustment code:
(fontspec)             \fontdimen 8\font =0.4pt\relax \fontdimen 9\font
(fontspec)             =2.0pt\relax \fontdimen 10\font =1.67pt\relax
(fontspec)             \fontdimen 11\font =1.11pt\relax \fontdimen 12\font
(fontspec)             =6.0pt\relax \fontdimen 13\font =0pt\relax 
(fontspec)             - 'bold' (b/n) with NFSS spec.:
(fontspec)             <->s*[0.9998964600422715]"[latinmodern-math.otf]/OT:script=math;language=dflt;"
(fontspec)             - 'bold small caps'  (b/sc) with NFSS spec.: 
(fontspec)             and font adjustment code:
(fontspec)             \fontdimen 8\font =0.4pt\relax \fontdimen 9\font
(fontspec)             =2.0pt\relax \fontdimen 10\font =1.67pt\relax
(fontspec)             \fontdimen 11\font =1.11pt\relax \fontdimen 12\font
(fontspec)             =6.0pt\relax \fontdimen 13\font =0pt\relax 

LaTeX Font Info:    Encoding `OMX' has changed to `TU' for symbol font
(Font)              `largesymbols' in the math version `normal' on input line 123.
LaTeX Font Info:    Overwriting symbol font `largesymbols' in version `normal'
(Font)                  OMX/lmex/m/n --> TU/latinmodern-math.otf(3)/m/n on input line 123.
LaTeX Font Info:    Encoding `OMX' has changed to `TU' for symbol font
(Font)              `largesymbols' in the math version `bold' on input line 123.
LaTeX Font Info:    Overwriting symbol font `largesymbols' in version `bold'
(Font)                  OMX/lmex/m/n --> TU/latinmodern-math.otf(3)/b/n on input line 123.
Package hyperref Info: Link coloring OFF on input line 123.
(./_main.out) (./_main.out)
\@outlinefile=\write4
\openout4 = `_main.out'.

File: RStudio-Logo-Flat.png Graphic file (type bmp)
<RStudio-Logo-Flat.png>
LaTeX Font Info:    Font shape `TU/latinmodern-math.otf(1)/m/n' will be
(Font)              scaled to size 12.0pt on input line 125.
LaTeX Font Info:    Font shape `TU/latinmodern-math.otf(1)/m/n' will be
(Font)              scaled to size 8.0pt on input line 125.
LaTeX Font Info:    Font shape `TU/latinmodern-math.otf(1)/m/n' will be
(Font)              scaled to size 6.0pt on input line 125.
LaTeX Font Info:    Trying to load font information for OML+lmm on input line 125.
(/Users/markly/Library/TinyTeX/texmf-dist/tex/latex/lm/omllmm.fd
File: omllmm.fd 2015/05/01 v1.6.1 Font defs for Latin Modern
)
LaTeX Font Info:    Font shape `TU/latinmodern-math.otf(2)/m/n' will be
(Font)              scaled to size 12.0011pt on input line 125.
LaTeX Font Info:    Font shape `TU/latinmodern-math.otf(2)/m/n' will be
(Font)              scaled to size 8.00073pt on input line 125.
LaTeX Font Info:    Font shape `TU/latinmodern-math.otf(2)/m/n' will be
(Font)              scaled to size 6.00055pt on input line 125.
LaTeX Font Info:    Font shape `TU/latinmodern-math.otf(3)/m/n' will be
(Font)              scaled to size 11.99872pt on input line 125.
LaTeX Font Info:    Font shape `TU/latinmodern-math.otf(3)/m/n' will be
(Font)              scaled to size 7.99915pt on input line 125.
LaTeX Font Info:    Font shape `TU/latinmodern-math.otf(3)/m/n' will be
(Font)              scaled to size 5.99936pt on input line 125.
LaTeX Font Info:    Trying to load font information for U+msa on input line 125.
(/Users/markly/Library/TinyTeX/texmf-dist/tex/latex/amsfonts/umsa.fd
File: umsa.fd 2013/01/14 v3.01 AMS symbols A
)
LaTeX Font Info:    Trying to load font information for U+msb on input line 125.
(/Users/markly/Library/TinyTeX/texmf-dist/tex/latex/amsfonts/umsb.fd
File: umsb.fd 2013/01/14 v3.01 AMS symbols B
) [1


] [2

] (./_main.toc
LaTeX Font Info:    Font shape `TU/latinmodern-math.otf(1)/m/n' will be
(Font)              scaled to size 7.0pt on input line 2.
LaTeX Font Info:    Font shape `TU/latinmodern-math.otf(1)/m/n' will be
(Font)              scaled to size 5.0pt on input line 2.
LaTeX Font Info:    Font shape `TU/latinmodern-math.otf(2)/m/n' will be
(Font)              scaled to size 10.00092pt on input line 2.
LaTeX Font Info:    Font shape `TU/latinmodern-math.otf(2)/m/n' will be
(Font)              scaled to size 7.00064pt on input line 2.
LaTeX Font Info:    Font shape `TU/latinmodern-math.otf(2)/m/n' will be
(Font)              scaled to size 5.00046pt on input line 2.
LaTeX Font Info:    Font shape `TU/latinmodern-math.otf(3)/m/n' will be
(Font)              scaled to size 9.99893pt on input line 2.
LaTeX Font Info:    Font shape `TU/latinmodern-math.otf(3)/m/n' will be
(Font)              scaled to size 6.99925pt on input line 2.
LaTeX Font Info:    Font shape `TU/latinmodern-math.otf(3)/m/n' will be
(Font)              scaled to size 4.99947pt on input line 2.
[3])
\tf@toc=\write5
\openout5 = `_main.toc'.

[4]
Chapter 1.
[5

] [6]
Chapter 2.
File: images/2.1rdownload.png Graphic file (type bmp)
<images/2.1rdownload.png>

Overfull \hbox (446.37117pt too wide) in paragraph at lines 187--187
[][] 
 []


LaTeX Warning: Float too large for page by 24.05923pt on input line 188.

File: images/2.3rstudio.png Graphic file (type bmp)
<images/2.3rstudio.png>

Overfull \hbox (501.87283pt too wide) in paragraph at lines 195--195
[][] 
 []


LaTeX Warning: Float too large for page by 24.05684pt on input line 196.

[7

] [8] [9]
File: images/2.10newproject.png Graphic file (type bmp)
<images/2.10newproject.png>

Overfull \hbox (546.73384pt too wide) in paragraph at lines 206--206
[][] 
 []


LaTeX Warning: Float too large for page by 24.06194pt on input line 207.

File: images/2.11newproject1.png Graphic file (type bmp)
<images/2.11newproject1.png>

Overfull \hbox (244.23906pt too wide) in paragraph at lines 212--212
[][] 
 []

File: images/2.12newproject2.png Graphic file (type bmp)
<images/2.12newproject2.png>

Overfull \hbox (245.2519pt too wide) in paragraph at lines 215--215
[][] 
 []

File: images/2.13newproject3.png Graphic file (type bmp)
<images/2.13newproject3.png>

Overfull \hbox (245.2519pt too wide) in paragraph at lines 218--218
[][] 
 []

File: images/2.4rmarkdown.png Graphic file (type bmp)
<images/2.4rmarkdown.png>

Overfull \hbox (238.24289pt too wide) in paragraph at lines 237--237
[][] 
 []

File: images/2.5newrmdfile.png Graphic file (type bmp)
<images/2.5newrmdfile.png>

Overfull \hbox (501.87283pt too wide) in paragraph at lines 243--243
[][] 
 []


LaTeX Warning: Float too large for page by 24.05684pt on input line 244.

[10] [11] [12] [13] [14] [15] [16]
File: images/2.2rcloud.png Graphic file (type bmp)
<images/2.2rcloud.png>

Overfull \hbox (926.84514pt too wide) in paragraph at lines 266--266
[][] 
 []

File: images/2.6rmarkdowncloud.png Graphic file (type bmp)
<images/2.6rmarkdowncloud.png>

Overfull \hbox (501.87283pt too wide) in paragraph at lines 277--277
[][] 
 []


LaTeX Warning: Float too large for page by 24.05684pt on input line 278.

File: images/2.7rstudiocloud.png Graphic file (type bmp)
<images/2.7rstudiocloud.png>

Overfull \hbox (501.87283pt too wide) in paragraph at lines 283--283
[][] 
 []


LaTeX Warning: Float too large for page by 24.05684pt on input line 284.

File: images/2.8rmarkdowncloudnew.png Graphic file (type bmp)
<images/2.8rmarkdowncloudnew.png>

Overfull \hbox (501.87283pt too wide) in paragraph at lines 289--289
[][] 
 []


LaTeX Warning: Float too large for page by 24.05684pt on input line 290.

File: images/2.9rmarkdownpackages.png Graphic file (type bmp)
<images/2.9rmarkdownpackages.png>

Overfull \hbox (28.42465pt too wide) in paragraph at lines 295--295
[][] 
 []

File: images/2.4rmarkdown.png Graphic file (type bmp)
<images/2.4rmarkdown.png>

Overfull \hbox (238.24289pt too wide) in paragraph at lines 303--303
[][] 
 []

[17] [18] [19] [20] [21] [22] [23] [24

]
Chapter 3.
[25]
File: images/3.1codechunk.png Graphic file (type bmp)
<images/3.1codechunk.png>

Overfull \hbox (308.31996pt too wide) in paragraph at lines 397--397
[][] 
 []

[26]
File: images/3.2codechunkgreen.png Graphic file (type bmp)
<images/3.2codechunkgreen.png>

Overfull \hbox (310.45712pt too wide) in paragraph at lines 409--409
[][] 
 []

[27]
File: images/3.3variableenvironment.png Graphic file (type bmp)
<images/3.3variableenvironment.png>

Overfull \hbox (574.32051pt too wide) in paragraph at lines 450--450
[][] 
 []

File: images/3.4variablesconsole.png Graphic file (type bmp)
<images/3.4variablesconsole.png>

Overfull \hbox (386.40817pt too wide) in paragraph at lines 462--462
[][] 
 []

[28] [29] [30] [31] [32] [33] [34

]
Chapter 4.
[35]
File: images/3.5vectorconsole.png Graphic file (type bmp)
<images/3.5vectorconsole.png>

Overfull \hbox (712.00047pt too wide) in paragraph at lines 642--642
[][] 
 []

[36] [37]
File: images/3.6listconsole.png Graphic file (type bmp)
<images/3.6listconsole.png>

Overfull \hbox (716.08049pt too wide) in paragraph at lines 677--677
[][] 
 []

[38] [39]
File: images/3.6listconsole.png Graphic file (type bmp)
<images/3.6listconsole.png>

Overfull \hbox (716.08049pt too wide) in paragraph at lines 746--746
[][] 
 []

[40] [41]
File: images/3.6listconsole.png Graphic file (type bmp)
<images/3.6listconsole.png>

Overfull \hbox (716.08049pt too wide) in paragraph at lines 809--809
[][] 
 []

[42] [43] [44] [45]
Overfull \hbox (43.5pt too wide) in paragraph at lines 971--971
[]\TU/lmtt/m/n/10 ##   Age     Gender Budget Num_luggages Weight_luggages     Food_allergies[] 
 []


Overfull \hbox (43.5pt too wide) in paragraph at lines 971--971
[]\TU/lmtt/m/n/10 ## 1  25     Female   1500            2              20 Peanuts, shellfish[] 
 []


Overfull \hbox (43.5pt too wide) in paragraph at lines 971--971
[]\TU/lmtt/m/n/10 ## 2  30       Male   2500            3              15      Gluten, dairy[] 
 []


Overfull \hbox (43.5pt too wide) in paragraph at lines 971--971
[]\TU/lmtt/m/n/10 ## 3  35 Non-binary   2000            1              25               None[] 
 []

[46]
Underfull \hbox (badness 1776) in paragraph at lines 1034--1035
[]\TU/lmr/m/n/10 If we knew the names, we can also subset using a vector
 []


Underfull \hbox (badness 2050) in paragraph at lines 1034--1035
\TU/lmr/m/n/10 and the names of the columns we want to subset \TU/lmr/bx/n/10 travel-
 []


Overfull \hbox (43.5pt too wide) in paragraph at lines 1055--1055
[]\TU/lmtt/m/n/10 ##   Age     Gender Budget Num_luggages Weight_luggages     Food_allergies[] 
 []


Overfull \hbox (43.5pt too wide) in paragraph at lines 1055--1055
[]\TU/lmtt/m/n/10 ## 1  25     Female   1500            2              20 Peanuts, shellfish[] 
 []


Overfull \hbox (43.5pt too wide) in paragraph at lines 1055--1055
[]\TU/lmtt/m/n/10 ## 3  35 Non-binary   2000            1              25               None[] 
 []

[47]
Overfull \hbox (22.5pt too wide) in paragraph at lines 1076--1076
[]\TU/lmtt/m/n/10 ##   Age     Gender Budget Num_luggages Weight_luggages Food_allergies[] 
 []


Overfull \hbox (22.5pt too wide) in paragraph at lines 1076--1076
[]\TU/lmtt/m/n/10 ## 2  30       Male   2500            3              15  Gluten, dairy[] 
 []


Overfull \hbox (22.5pt too wide) in paragraph at lines 1076--1076
[]\TU/lmtt/m/n/10 ## 3  35 Non-binary   2000            1              25           None[] 
 []

[48]
Chapter 5.
[49

] [50]
Overfull \hbox (22.5pt too wide) in paragraph at lines 1225--1225
[]\TU/lmtt/m/n/10 ##   Age     Gender Budget Num_luggages Weight_luggages Food_allergies[] 
 []


Overfull \hbox (22.5pt too wide) in paragraph at lines 1225--1225
[]\TU/lmtt/m/n/10 ## 1  30       Male   2500            3              15  Gluten, dairy[] 
 []


Overfull \hbox (22.5pt too wide) in paragraph at lines 1225--1225
[]\TU/lmtt/m/n/10 ## 2  35 Non-binary   2000            1              25           None[] 
 []

[51] [52] [53] [54]
Overfull \hbox (6.75pt too wide) in paragraph at lines 1437--1437
[]\TU/lmtt/m/n/10 ##         Country Meal_Inexpensive_Restaurant one_way_ticket_local[] 
 []


Overfull \hbox (6.75pt too wide) in paragraph at lines 1437--1437
[]\TU/lmtt/m/n/10 ## 1   Switzerland                       37.35                 5.38[] 
 []


Overfull \hbox (6.75pt too wide) in paragraph at lines 1437--1437
[]\TU/lmtt/m/n/10 ## 2       Denmark                       27.58                 4.73[] 
 []


Overfull \hbox (6.75pt too wide) in paragraph at lines 1437--1437
[]\TU/lmtt/m/n/10 ## 3 United States                       26.72                 3.34[] 
 []

[55]
Overfull \hbox (64.5pt too wide) in paragraph at lines 1475--1475
[]\TU/lmtt/m/n/10 ##       Country country_code Meal_Inexpensive_Restaurant one_way_ticket_local[] 
 []


Overfull \hbox (64.5pt too wide) in paragraph at lines 1475--1475
[]\TU/lmtt/m/n/10 ## 1 Afghanistan          AFG                          NA                   NA[] 
 []


Overfull \hbox (64.5pt too wide) in paragraph at lines 1475--1475
[]\TU/lmtt/m/n/10 ## 2     Albania          ALB                        7.79                 0.52[] 
 []


Overfull \hbox (64.5pt too wide) in paragraph at lines 1475--1475
[]\TU/lmtt/m/n/10 ## 3     Algeria          DZA                        2.96                 0.25[] 
 []

[56]
Overfull \hbox (80.25pt too wide) in paragraph at lines 1531--1531
[]\TU/lmtt/m/n/10 ##                       Country country_code X1960 X1961 X1962 X1963 X1964 X1965[] 
 []


Overfull \hbox (80.25pt too wide) in paragraph at lines 1531--1531
[]\TU/lmtt/m/n/10 ## 1                       Aruba          ABW    NA    NA    NA    NA    NA    NA[] 
 []


Overfull \hbox (80.25pt too wide) in paragraph at lines 1531--1531
[]\TU/lmtt/m/n/10 ## 2 Africa Eastern and Southern          AFE    NA    NA    NA    NA    NA    NA[] 
 []


Overfull \hbox (80.25pt too wide) in paragraph at lines 1531--1531
[]\TU/lmtt/m/n/10 ## 3                 Afghanistan          AFG    NA    NA    NA    NA    NA    NA[] 
 []


Overfull \hbox (85.5pt too wide) in paragraph at lines 1531--1531
[]\TU/lmtt/m/n/10 ##   X1966 X1967 X1968 X1969 X1970 X1971 X1972 X1973 X1974 X1975 X1976 X1977 X1978[] 
 []


Overfull \hbox (85.5pt too wide) in paragraph at lines 1531--1531
[]\TU/lmtt/m/n/10 ## 1    NA    NA    NA    NA    NA    NA    NA    NA    NA    NA    NA    NA    NA[] 
 []


Overfull \hbox (85.5pt too wide) in paragraph at lines 1531--1531
[]\TU/lmtt/m/n/10 ## 2    NA    NA    NA    NA    NA    NA    NA    NA    NA    NA    NA    NA    NA[] 
 []


Overfull \hbox (85.5pt too wide) in paragraph at lines 1531--1531
[]\TU/lmtt/m/n/10 ## 3    NA    NA    NA    NA    NA    NA    NA    NA    NA    NA    NA    NA    NA[] 
 []


Overfull \hbox (85.5pt too wide) in paragraph at lines 1531--1531
[]\TU/lmtt/m/n/10 ##   X1979 X1980 X1981 X1982 X1983 X1984 X1985 X1986 X1987 X1988 X1989 X1990 X1991[] 
 []


Overfull \hbox (85.5pt too wide) in paragraph at lines 1531--1531
[]\TU/lmtt/m/n/10 ## 1    NA    NA    NA    NA    NA    NA    NA    NA    NA    NA    NA    NA    NA[] 
 []


Overfull \hbox (85.5pt too wide) in paragraph at lines 1531--1531
[]\TU/lmtt/m/n/10 ## 2    NA    NA    NA    NA    NA    NA    NA    NA    NA    NA    NA    NA    NA[] 
 []


Overfull \hbox (85.5pt too wide) in paragraph at lines 1531--1531
[]\TU/lmtt/m/n/10 ## 3    NA    NA    NA    NA    NA    NA    NA    NA    NA    NA    NA    NA    NA[] 
 []


Overfull \hbox (54.0pt too wide) in paragraph at lines 1531--1531
[]\TU/lmtt/m/n/10 ##   X1992 X1993 X1994    X1995    X1996    X1997    X1998    X1999    X2000[] 
 []


Overfull \hbox (54.0pt too wide) in paragraph at lines 1531--1531
[]\TU/lmtt/m/n/10 ## 1    NA    NA    NA   912000   957000   947000   906000   972000  1211000[] 
 []


Overfull \hbox (54.0pt too wide) in paragraph at lines 1531--1531
[]\TU/lmtt/m/n/10 ## 2    NA    NA    NA 11583545 13088654 13456246 14403852 15309378 15353177[] 
 []


Overfull \hbox (54.0pt too wide) in paragraph at lines 1531--1531
[]\TU/lmtt/m/n/10 ## 3    NA    NA    NA       NA       NA       NA       NA       NA       NA[] 
 []


Overfull \hbox (54.0pt too wide) in paragraph at lines 1531--1531
[]\TU/lmtt/m/n/10 ##      X2001    X2002    X2003    X2004    X2005    X2006    X2007    X2008[] 
 []


Overfull \hbox (54.0pt too wide) in paragraph at lines 1531--1531
[]\TU/lmtt/m/n/10 ## 1  1178000  1225000  1184000  1304000  1286000  1285000  1254000  1383000[] 
 []


Overfull \hbox (54.0pt too wide) in paragraph at lines 1531--1531
[]\TU/lmtt/m/n/10 ## 2 15854696 17383375 17844385 18745951 19917566 22650321 25114898 25413098[] 
 []


Overfull \hbox (54.0pt too wide) in paragraph at lines 1531--1531
[]\TU/lmtt/m/n/10 ## 3       NA       NA       NA       NA       NA       NA       NA       NA[] 
 []


Overfull \hbox (54.0pt too wide) in paragraph at lines 1531--1531
[]\TU/lmtt/m/n/10 ##      X2009    X2010    X2011    X2012    X2013    X2014    X2015    X2016[] 
 []


Overfull \hbox (54.0pt too wide) in paragraph at lines 1531--1531
[]\TU/lmtt/m/n/10 ## 1  1420000  1394000  1469000  1481000  1667000  1739000  1832000  1758000[] 
 []


Overfull \hbox (54.0pt too wide) in paragraph at lines 1531--1531
[]\TU/lmtt/m/n/10 ## 2 25964418 29071501 31650244 32748552 34426633 35738392 35318681 37645888[] 
 []


Overfull \hbox (54.0pt too wide) in paragraph at lines 1531--1531
[]\TU/lmtt/m/n/10 ## 3       NA       NA       NA       NA       NA       NA       NA       NA[] 
 []


Overfull \hbox (75.0pt too wide) in paragraph at lines 1568--1568
[]\TU/lmtt/m/n/10 ##                       Country country_code 1960 1961 1962 1963 1964 1965 1966[] 
 []


Overfull \hbox (75.0pt too wide) in paragraph at lines 1568--1568
[]\TU/lmtt/m/n/10 ## 1                       Aruba          ABW   NA   NA   NA   NA   NA   NA   NA[] 
 []


Overfull \hbox (75.0pt too wide) in paragraph at lines 1568--1568
[]\TU/lmtt/m/n/10 ## 2 Africa Eastern and Southern          AFE   NA   NA   NA   NA   NA   NA   NA[] 
 []


Overfull \hbox (75.0pt too wide) in paragraph at lines 1568--1568
[]\TU/lmtt/m/n/10 ## 3                 Afghanistan          AFG   NA   NA   NA   NA   NA   NA   NA[] 
 []


Overfull \hbox (69.75pt too wide) in paragraph at lines 1568--1568
[]\TU/lmtt/m/n/10 ##   1967 1968 1969 1970 1971 1972 1973 1974 1975 1976 1977 1978 1979 1980 1981[] 
 []


Overfull \hbox (69.75pt too wide) in paragraph at lines 1568--1568
[]\TU/lmtt/m/n/10 ## 1   NA   NA   NA   NA   NA   NA   NA   NA   NA   NA   NA   NA   NA   NA   NA[] 
 []


Overfull \hbox (69.75pt too wide) in paragraph at lines 1568--1568
[]\TU/lmtt/m/n/10 ## 2   NA   NA   NA   NA   NA   NA   NA   NA   NA   NA   NA   NA   NA   NA   NA[] 
 []


Overfull \hbox (69.75pt too wide) in paragraph at lines 1568--1568
[]\TU/lmtt/m/n/10 ## 3   NA   NA   NA   NA   NA   NA   NA   NA   NA   NA   NA   NA   NA   NA   NA[] 
 []


Overfull \hbox (64.5pt too wide) in paragraph at lines 1568--1568
[]\TU/lmtt/m/n/10 ##   1982 1983 1984 1985 1986 1987 1988 1989 1990 1991 1992 1993 1994     1995[] 
 []


Overfull \hbox (64.5pt too wide) in paragraph at lines 1568--1568
[]\TU/lmtt/m/n/10 ## 1   NA   NA   NA   NA   NA   NA   NA   NA   NA   NA   NA   NA   NA   912000[] 
 []

[57]
Overfull \hbox (64.5pt too wide) in paragraph at lines 1568--1568
[]\TU/lmtt/m/n/10 ## 2   NA   NA   NA   NA   NA   NA   NA   NA   NA   NA   NA   NA   NA 11583545[] 
 []


Overfull \hbox (64.5pt too wide) in paragraph at lines 1568--1568
[]\TU/lmtt/m/n/10 ## 3   NA   NA   NA   NA   NA   NA   NA   NA   NA   NA   NA   NA   NA       NA[] 
 []


Overfull \hbox (54.0pt too wide) in paragraph at lines 1568--1568
[]\TU/lmtt/m/n/10 ##       1996     1997     1998     1999     2000     2001     2002     2003[] 
 []


Overfull \hbox (54.0pt too wide) in paragraph at lines 1568--1568
[]\TU/lmtt/m/n/10 ## 1   957000   947000   906000   972000  1211000  1178000  1225000  1184000[] 
 []


Overfull \hbox (54.0pt too wide) in paragraph at lines 1568--1568
[]\TU/lmtt/m/n/10 ## 2 13088654 13456246 14403852 15309378 15353177 15854696 17383375 17844385[] 
 []


Overfull \hbox (54.0pt too wide) in paragraph at lines 1568--1568
[]\TU/lmtt/m/n/10 ## 3       NA       NA       NA       NA       NA       NA       NA       NA[] 
 []


Overfull \hbox (54.0pt too wide) in paragraph at lines 1568--1568
[]\TU/lmtt/m/n/10 ##       2004     2005     2006     2007     2008     2009     2010     2011[] 
 []


Overfull \hbox (54.0pt too wide) in paragraph at lines 1568--1568
[]\TU/lmtt/m/n/10 ## 1  1304000  1286000  1285000  1254000  1383000  1420000  1394000  1469000[] 
 []


Overfull \hbox (54.0pt too wide) in paragraph at lines 1568--1568
[]\TU/lmtt/m/n/10 ## 2 18745951 19917566 22650321 25114898 25413098 25964418 29071501 31650244[] 
 []


Overfull \hbox (54.0pt too wide) in paragraph at lines 1568--1568
[]\TU/lmtt/m/n/10 ## 3       NA       NA       NA       NA       NA       NA       NA       NA[] 
 []


Overfull \hbox (80.25pt too wide) in paragraph at lines 1568--1568
[]\TU/lmtt/m/n/10 ##       2012     2013     2014     2015     2016     2017     2018     2019 2020[] 
 []


Overfull \hbox (80.25pt too wide) in paragraph at lines 1568--1568
[]\TU/lmtt/m/n/10 ## 1  1481000  1667000  1739000  1832000  1758000  1863000  1897000  1951000   NA[] 
 []


Overfull \hbox (80.25pt too wide) in paragraph at lines 1568--1568
[]\TU/lmtt/m/n/10 ## 2 32748552 34426633 35738392 35318681 37645888 38258348 41189145 39826701   NA[] 
 []


Overfull \hbox (80.25pt too wide) in paragraph at lines 1568--1568
[]\TU/lmtt/m/n/10 ## 3       NA       NA       NA       NA       NA       NA       NA       NA   NA[] 
 []


Overfull \hbox (80.25pt too wide) in paragraph at lines 1607--1607
[]\TU/lmtt/m/n/10 ##                       Country country_code     1995     1996     1997     1998[] 
 []


Overfull \hbox (80.25pt too wide) in paragraph at lines 1607--1607
[]\TU/lmtt/m/n/10 ## 1                       Aruba          ABW   912000   957000   947000   906000[] 
 []


Overfull \hbox (80.25pt too wide) in paragraph at lines 1607--1607
[]\TU/lmtt/m/n/10 ## 2 Africa Eastern and Southern          AFE 11583545 13088654 13456246 14403852[] 
 []


Overfull \hbox (80.25pt too wide) in paragraph at lines 1607--1607
[]\TU/lmtt/m/n/10 ## 3                 Afghanistan          AFG       NA       NA       NA       NA[] 
 []


Overfull \hbox (54.0pt too wide) in paragraph at lines 1607--1607
[]\TU/lmtt/m/n/10 ##       1999     2000     2001     2002     2003     2004     2005     2006[] 
 []


Overfull \hbox (54.0pt too wide) in paragraph at lines 1607--1607
[]\TU/lmtt/m/n/10 ## 1   972000  1211000  1178000  1225000  1184000  1304000  1286000  1285000[] 
 []


Overfull \hbox (54.0pt too wide) in paragraph at lines 1607--1607
[]\TU/lmtt/m/n/10 ## 2 15309378 15353177 15854696 17383375 17844385 18745951 19917566 22650321[] 
 []


Overfull \hbox (54.0pt too wide) in paragraph at lines 1607--1607
[]\TU/lmtt/m/n/10 ## 3       NA       NA       NA       NA       NA       NA       NA       NA[] 
 []


Overfull \hbox (54.0pt too wide) in paragraph at lines 1607--1607
[]\TU/lmtt/m/n/10 ##       2007     2008     2009     2010     2011     2012     2013     2014[] 
 []


Overfull \hbox (54.0pt too wide) in paragraph at lines 1607--1607
[]\TU/lmtt/m/n/10 ## 1  1254000  1383000  1420000  1394000  1469000  1481000  1667000  1739000[] 
 []

[58]
Overfull \hbox (54.0pt too wide) in paragraph at lines 1607--1607
[]\TU/lmtt/m/n/10 ## 2 25114898 25413098 25964418 29071501 31650244 32748552 34426633 35738392[] 
 []


Overfull \hbox (54.0pt too wide) in paragraph at lines 1607--1607
[]\TU/lmtt/m/n/10 ## 3       NA       NA       NA       NA       NA       NA       NA       NA[] 
 []


Overfull \hbox (64.5pt too wide) in paragraph at lines 1642--1642
[]\TU/lmtt/m/n/10 ##       Country country_code Meal_Inexpensive_Restaurant one_way_ticket_local[] 
 []


Overfull \hbox (64.5pt too wide) in paragraph at lines 1642--1642
[]\TU/lmtt/m/n/10 ## 1 Afghanistan          AFG                          NA                   NA[] 
 []


Overfull \hbox (64.5pt too wide) in paragraph at lines 1642--1642
[]\TU/lmtt/m/n/10 ## 2     Albania          ALB                        7.79                 0.52[] 
 []


Overfull \hbox (64.5pt too wide) in paragraph at lines 1642--1642
[]\TU/lmtt/m/n/10 ## 3     Algeria          DZA                        2.96                 0.25[] 
 []


Overfull \hbox (54.0pt too wide) in paragraph at lines 1642--1642
[]\TU/lmtt/m/n/10 ##     1995   1996   1997   1998   1999   2000   2001   2002    2003    2004[] 
 []


Overfull \hbox (54.0pt too wide) in paragraph at lines 1642--1642
[]\TU/lmtt/m/n/10 ## 1     NA     NA     NA     NA     NA     NA     NA     NA      NA      NA[] 
 []


Overfull \hbox (54.0pt too wide) in paragraph at lines 1642--1642
[]\TU/lmtt/m/n/10 ## 2 304000 287000 119000 184000 371000 317000 354000 470000  557000  645000[] 
 []


Overfull \hbox (54.0pt too wide) in paragraph at lines 1642--1642
[]\TU/lmtt/m/n/10 ## 3 520000 605000 635000 678000 749000 866000 901000 988000 1166000 1234000[] 
 []


Overfull \hbox (54.0pt too wide) in paragraph at lines 1642--1642
[]\TU/lmtt/m/n/10 ##      2005    2006    2007    2008    2009    2010    2011    2012    2013[] 
 []


Overfull \hbox (54.0pt too wide) in paragraph at lines 1642--1642
[]\TU/lmtt/m/n/10 ## 1      NA      NA      NA      NA      NA      NA      NA      NA      NA[] 
 []


Overfull \hbox (54.0pt too wide) in paragraph at lines 1642--1642
[]\TU/lmtt/m/n/10 ## 2  748000  937000 1127000 1420000 1856000 2417000 2932000 3514000 3256000[] 
 []


Overfull \hbox (54.0pt too wide) in paragraph at lines 1642--1642
[]\TU/lmtt/m/n/10 ## 3 1443000 1638000 1743000 1772000 1912000 2070000 2395000 2634000 2733000[] 
 []

[59]
Overfull \hbox (80.25pt too wide) in paragraph at lines 1704--1704
[]\TU/lmtt/m/n/10 ##   Country country_code Meal_Inexpensive_Restaurant one_way_ticket_local   1995[] 
 []


Overfull \hbox (80.25pt too wide) in paragraph at lines 1704--1704
[]\TU/lmtt/m/n/10 ## 2 Albania          ALB                        7.79                 0.52 304000[] 
 []


Overfull \hbox (80.25pt too wide) in paragraph at lines 1704--1704
[]\TU/lmtt/m/n/10 ## 3 Algeria          DZA                        2.96                 0.25 520000[] 
 []


Overfull \hbox (80.25pt too wide) in paragraph at lines 1704--1704
[]\TU/lmtt/m/n/10 ## 9 Armenia          ARM                       10.13                 0.34  12000[] 
 []


Overfull \hbox (59.25pt too wide) in paragraph at lines 1704--1704
[]\TU/lmtt/m/n/10 ##     1996   1997   1998   1999   2000   2001   2002    2003    2004    2005[] 
 []


Overfull \hbox (59.25pt too wide) in paragraph at lines 1704--1704
[]\TU/lmtt/m/n/10 ## 2 287000 119000 184000 371000 317000 354000 470000  557000  645000  748000[] 
 []


Overfull \hbox (59.25pt too wide) in paragraph at lines 1704--1704
[]\TU/lmtt/m/n/10 ## 3 605000 635000 678000 749000 866000 901000 988000 1166000 1234000 1443000[] 
 []


Overfull \hbox (59.25pt too wide) in paragraph at lines 1704--1704
[]\TU/lmtt/m/n/10 ## 9  13000  23000  32000  41000  45000 123000 162000  206000  263000  319000[] 
 []


Overfull \hbox (54.0pt too wide) in paragraph at lines 1704--1704
[]\TU/lmtt/m/n/10 ##      2006    2007    2008    2009    2010    2011    2012    2013    2014[] 
 []


Overfull \hbox (54.0pt too wide) in paragraph at lines 1704--1704
[]\TU/lmtt/m/n/10 ## 2  937000 1127000 1420000 1856000 2417000 2932000 3514000 3256000 3673000[] 
 []


Overfull \hbox (54.0pt too wide) in paragraph at lines 1704--1704
[]\TU/lmtt/m/n/10 ## 3 1638000 1743000 1772000 1912000 2070000 2395000 2634000 2733000 2301000[] 
 []


Overfull \hbox (54.0pt too wide) in paragraph at lines 1704--1704
[]\TU/lmtt/m/n/10 ## 9  382000  511000  558000  575000  684000  758000  963000 1084000 1204000[] 
 []

[60] [61] [62

]
Chapter 6.
[63] [64] [65] [66]
Chapter 7.
File: _main_files/figure-latex/boxplot meals base-1.pdf Graphic file (type pdf)
<use _main_files/figure-latex/boxplot meals base-1.pdf>
[67

]
File: _main_files/figure-latex/boxplot with labels base-1.pdf Graphic file (type pdf)
<use _main_files/figure-latex/boxplot with labels base-1.pdf>

Underfull \vbox (badness 10000) has occurred while \output is active []

[68]
File: _main_files/figure-latex/distribution of cost base-1.pdf Graphic file (type pdf)
<use _main_files/figure-latex/distribution of cost base-1.pdf>

Underfull \vbox (badness 10000) has occurred while \output is active []

[69] [70]
File: _main_files/figure-latex/scatterplot base-1.pdf Graphic file (type pdf)
<use _main_files/figure-latex/scatterplot base-1.pdf>
File: _main_files/figure-latex/boxplot arrival base-1.pdf Graphic file (type pdf)
<use _main_files/figure-latex/boxplot arrival base-1.pdf>

Underfull \vbox (badness 10000) has occurred while \output is active []

[71]
Underfull \hbox (badness 3078) in paragraph at lines 2014--2015
[]\TU/lmr/m/n/10 You can refer to the \TU/lmr/bx/n/10 ggplot2 []$[][][][][] [] [] [] [][][][][][][] [] [][][][][][][][][] [] [][][] []
 []

[72]
File: _main_files/figure-latex/boxplot ggplot2-1.pdf Graphic file (type pdf)
<use _main_files/figure-latex/boxplot ggplot2-1.pdf>
File: _main_files/figure-latex/boxplot ggplot2 clean-1.pdf Graphic file (type pdf)
<use _main_files/figure-latex/boxplot ggplot2 clean-1.pdf>

Underfull \vbox (badness 10000) has occurred while \output is active []

[73]
File: _main_files/figure-latex/distribution of cost ggplot2-1.pdf Graphic file (type pdf)
<use _main_files/figure-latex/distribution of cost ggplot2-1.pdf>

Underfull \vbox (badness 10000) has occurred while \output is active []

[74]
File: _main_files/figure-latex/scatter ggplot2 base-1.pdf Graphic file (type pdf)
<use _main_files/figure-latex/scatter ggplot2 base-1.pdf>

Underfull \vbox (badness 10000) has occurred while \output is active []

[75]
File: _main_files/figure-latex/scatter ggplot2 clean-1.pdf Graphic file (type pdf)
<use _main_files/figure-latex/scatter ggplot2 clean-1.pdf>

Underfull \vbox (badness 10000) has occurred while \output is active []

[76]
File: _main_files/figure-latex/boxplot travel outlier ggplot2-1.pdf Graphic file (type pdf)
<use _main_files/figure-latex/boxplot travel outlier ggplot2-1.pdf>

Underfull \vbox (badness 10000) has occurred while \output is active []

[77] [78]
Overfull \hbox (6.75pt too wide) in paragraph at lines 2184--2184
[]\TU/lmtt/m/n/10 ## https://www.danieldsjoberg.com/gtsummary/articles/rmarkdown.html[] 
 []


Overfull \hbox (54.0pt too wide) in paragraph at lines 2184--2184
[]\TU/lmtt/m/n/10 ## To suppress this message, include `message = FALSE` in code chunk header.[] 
 []


Overfull \hbox (6.75pt too wide) in paragraph at lines 2213--2213
[]\TU/lmtt/m/n/10 ## https://www.danieldsjoberg.com/gtsummary/articles/rmarkdown.html[] 
 []


Overfull \hbox (54.0pt too wide) in paragraph at lines 2213--2213
[]\TU/lmtt/m/n/10 ## To suppress this message, include `message = FALSE` in code chunk header.[] 
 []

[79]
Overfull \hbox (6.75pt too wide) in paragraph at lines 2252--2252
[]\TU/lmtt/m/n/10 ## https://www.danieldsjoberg.com/gtsummary/articles/rmarkdown.html[] 
 []


Overfull \hbox (54.0pt too wide) in paragraph at lines 2252--2252
[]\TU/lmtt/m/n/10 ## To suppress this message, include `message = FALSE` in code chunk header.[] 
 []


Overfull \hbox (286.6801pt too wide) in paragraph at lines 2254--2263
[][] 
 []


Overfull \hbox (6.75pt too wide) in paragraph at lines 2277--2277
[]\TU/lmtt/m/n/10 ## https://www.danieldsjoberg.com/gtsummary/articles/rmarkdown.html[] 
 []


Overfull \hbox (54.0pt too wide) in paragraph at lines 2277--2277
[]\TU/lmtt/m/n/10 ## To suppress this message, include `message = FALSE` in code chunk header.[] 
 []


Overfull \hbox (579.06003pt too wide) in paragraph at lines 2279--2300
[][] 
 []


Underfull \vbox (badness 10000) has occurred while \output is active []

[80] [81] [82

]
Chapter 8.
[83]
File: images/residuals2.png Graphic file (type bmp)
<images/residuals2.png>

Overfull \hbox (28.46942pt too wide) in paragraph at lines 2372--2372
[][] 
 []

[84] [85]
Overfull \hbox (80.25pt too wide) in paragraph at lines 2407--2407
[]\TU/lmtt/m/n/10 ## lm(formula = arrivals ~ as.numeric(sweden_travel$years), data = sweden_travel)[] 
 []


Overfull \hbox (6.75pt too wide) in paragraph at lines 2407--2407
[]\TU/lmtt/m/n/10 ##                     (Intercept)  as.numeric(sweden_travel$years)[] 
 []


Overfull \hbox (6.75pt too wide) in paragraph at lines 2407--2407
[]\TU/lmtt/m/n/10 ##                      -470402333                           237113[] 
 []


Overfull \hbox (80.25pt too wide) in paragraph at lines 2439--2439
[]\TU/lmtt/m/n/10 ## lm(formula = arrivals ~ as.numeric(sweden_travel$years), data = sweden_travel)[] 
 []


Overfull \hbox (38.25pt too wide) in paragraph at lines 2439--2439
[]\TU/lmtt/m/n/10 ##                                   Estimate Std. Error t value Pr(>|t|)[] 
 []


Overfull \hbox (54.0pt too wide) in paragraph at lines 2439--2439
[]\TU/lmtt/m/n/10 ## (Intercept)                     -470402333  126815668  -3.709  0.00109 **[] 
 []


Overfull \hbox (59.25pt too wide) in paragraph at lines 2439--2439
[]\TU/lmtt/m/n/10 ## as.numeric(sweden_travel$years)     237113      63170   3.754  0.00098 ***[] 
 []

[86]
File: _main_files/figure-latex/lm resdiual vs fitted plots-1.pdf Graphic file (type pdf)
<use _main_files/figure-latex/lm resdiual vs fitted plots-1.pdf>
[87]
File: _main_files/figure-latex/lm normal q-q plots-1.pdf Graphic file (type pdf)
<use _main_files/figure-latex/lm normal q-q plots-1.pdf>

Underfull \vbox (badness 10000) has occurred while \output is active []

[88]
File: _main_files/figure-latex/lm scale-location plots-1.pdf Graphic file (type pdf)
<use _main_files/figure-latex/lm scale-location plots-1.pdf>

Underfull \vbox (badness 10000) has occurred while \output is active []

[89]
File: _main_files/figure-latex/lm leverage-1.pdf Graphic file (type pdf)
<use _main_files/figure-latex/lm leverage-1.pdf>

Underfull \vbox (badness 10000) has occurred while \output is active []

[90] [91] [92]
Chapter 9.
[93

]
No file _main.bbl.
[94] (./_main.aux)
Package rerunfilecheck Info: File `_main.out' has not changed.
(rerunfilecheck)             Checksum: 0A437F5B50D02B83BFA31154FDA48CF8;4946.
 ) 
Here is how much of TeX's memory you used:
 18033 strings out of 478683
 339081 string characters out of 5848124
 1871018 words of memory out of 5000000
 37840 multiletter control sequences out of 15000+600000
 518778 words of font info for 90 fonts, out of 8000000 for 9000
 14 hyphenation exceptions out of 8191
 86i,6n,121p,906b,480s stack positions out of 10000i,1000n,20000p,200000b,200000s

Output written on _main.pdf (94 pages).
